

VIM - Vi IMproved 9.0 (2022 Jun 28, compiled Nov 12 2023 01:16:04)
macOS version - arm64
Included patches: 1-2018
Compiled by root@apple.com
Normal version without GUI.  Features included (+) or not (-):
+acl               +cindent           +cursorshape       +file_in_path      +job               +menu              +mouse_urxvt       +popupwin          +signs             -tag_any_white     +user_commands     +windows           
-arabic            -clientserver      +dialog_con        +find_in_path      +jumplist          +mksession         +mouse_xterm       +postscript        +smartindent       -tcl               -vartabs           +writebackup       
+autocmd           +clipboard         +diff              +float             -keymap            +modify_fname      +multi_byte        +printer           -sodium            +termguicolors     +vertsplit         -X11               
+autochdir         +cmdline_compl     +digraphs          +folding           +lambda            +mouse             +multi_lang        -profile           -sound             +terminal          +vim9script        -xattr             
-autoservername    +cmdline_hist      -dnd               -footer            -langmap           -mouseshape        -mzscheme          -python            +spell             +terminfo          +viminfo           -xfontset          
-balloon_eval      +cmdline_info      -ebcdic            +fork()            +libcall           +mouse_dec         +netbeans_intg     -python3           +startuptime       +termresponse      +virtualedit       -xim               
-balloon_eval_term +comments          -emacs_tags        -gettext           +linebreak         -mouse_gpm         +num64             +quickfix          +statusline        +textobjects       +visual            -xpm               
-browse            +conceal           +eval              -hangul_input      +lispindent        -mouse_jsbterm     +packages          +reltime           -sun_workshop      +textprop          +visualextra       -xsmp              
++builtin_terms    +cryptv            +ex_extra          +iconv             +listcmds          +mouse_netterm     +path_extra        -rightleft         +syntax            +timers            +vreplace          -xterm_clipboard   
+byte_offset       +cscope            +extra_search      +insert_expand     +localmap          +mouse_sgr         -perl              -ruby              +tag_binary        +title             +wildignore        -xterm_save        
+channel           +cursorbind        -farsi             +ipv6              -lua               -mouse_sysmouse    +persistent_undo   +scrollbind        -tag_old_static    -toolbar           +wildmenu          
   system vimrc file: "$VIM/vimrc"
     user vimrc file: "$HOME/.vimrc"
 2nd user vimrc file: "~/.vim/vimrc"
      user exrc file: "$HOME/.exrc"
       defaults file: "$VIMRUNTIME/defaults.vim"
  fall-back for $VIM: "/usr/share/vim"
Compilation: gcc -c -I. -Iproto -DHAVE_CONFIG_H   -DMACOS_X_UNIX  -g -O2 -U_FORTIFY_SOURCE -D_FORTIFY_SOURCE=1      
Linking: gcc   -L/usr/local/lib -o vim        -lm -lncurses  -liconv -framework Cocoa           1970-01-03 08:56:44.764713: AutoUpdate called [/Users/pfistera/workspace/rosso0815-python/ansible/20_manage_somsi/update-tools.yml]
1970-01-03 08:56:44.765321: Vim filetype: 'yaml', sanitized filetype: 'yaml'
1970-01-03 08:56:44.765659: Checking if file is valid [/Users/pfistera/workspace/rosso0815-python/ansible/20_manage_somsi/update-tools.yml]
1970-01-03 08:56:44.766053: Unsupported filetype: yaml
1970-01-03 08:56:44.766232: Not a valid file, stopping processing
1970-01-03 08:56:48.807413: AutoUpdate called [/Users/pfistera/workspace/rosso0815-python/ansible/20_manage_somsi/update-tools.yml]
1970-01-03 08:56:48.808011: Vim filetype: 'yaml', sanitized filetype: 'yaml'
1970-01-03 08:56:48.808279: Checking if file is valid [/Users/pfistera/workspace/rosso0815-python/ansible/20_manage_somsi/update-tools.yml]
1970-01-03 08:56:48.808700: Unsupported filetype: yaml
1970-01-03 08:56:48.808867: Not a valid file, stopping processing
