Enter system id to refine (return for all) :

 SID USERNAME     OS User      PROGRAM                SPID                      
---- ------------ ------------ ---------------------- ---------                 
   8 KRASAM1      krasam1      /vpm150/cfg13/vpm/code 34930                     
                               /bin/VX0VPM@tgg11 (TNS                           
                                V1-                                             
                                                                                
   9 KRAROPL      kraropl      /catia424r2/cfgap05/co 25226                     
                               de/steplib/CATSTAR8@tg                           
                               g13                                              
                                                                                
   7 KRAHRLU      krahrlu      /vpm150/cfg13/vpm/code 33666                     
                               /bin/VX0VPM@tgg15 (TNS                           
                                V1-                                             
                                                                                
  10 KRAMAK36     kramak36     /vpm150/cfg13/vpm/code 31102                     
                               /bin/VX0VPM@tgg02 (TNS                           
                                V1-                                             
                                                                                
  11 KRAMAK36     kramak36     /catia424r2/cfgap05/co 26760                     
                               de/steplib/CATSTAR8@tg                           
                               g02                                              
                                                                                
  12 DOLRYKU      dolryku      /vpm150/cfg13/vpm/code 15578                     
                               /bin/VX0VPM@tgg31 (TNS                           
                                V1-                                             
                                                                                
  13 KRAHRLU      krahrlu      /catia424r2/cfgap05/co 36364                     
                               de/steplib/CATSTAR8@tg                           
                               g15                                              
                                                                                
  14 KRAGIGU      kragigu      /vpm150/cfg13/vpm/code 25544                     
                               /bin/VX0VPM@tgg30 (TNS                           
                                V1-                                             
                                                                                
  15 SYSTEM       oracle       JDBC Thin Client       35472                     
  24 KRAROPL      kraropl      /vpm150/cfg13/vpm/code 20016                     
                               /bin/VX0VPM@tgg13 (TNS                           
                                V1-                                             
                                                                                
  17 KRASACS      krasacs      /vpm150/cfg13/vpm/code 13708                     
                               /bin/VX0VPM@tgg16 (TNS                           
                                V1-                                             
                                                                                
  18 KRASACS      krasacs      /catia424r2/cfgap05/co 38722                     
                               de/steplib/CATSTAR8@tg                           
                               g16                                              
                                                                                
  19 PRD11        KRAJUST      JDBC Thin Client       36086                     
  20 PRD11        KRAJUST      JDBC Thin Client       30262                     
  28 KRADANO      kradano      /vpm150/cfg13/vpm/code 22700                     
                               /bin/VX0VPM@tgg04 (TNS                           
                                V1-                                             
                                                                                
  21 DOLRYKU      dolryku      /catia424r2/cfgap05/co 23640                     
                               de/steplib/CATSTAR8@tg                           
                               g31                                              
                                                                                
  38 KRANOFR      kranofr      /catia424r2/cfgap05/co 21282                     
                               de/steplib/CATSTAR8@tg                           
                               g12                                              
                                                                                
  34 SYSTEM       kraanp9      sqlplus@caxsp09 (TNS V 24178                     
                               1-V3)                                            
                                                                                
  25 KRAGIGU      kragigu      /catia424r2/cfgap05/co 29692                     
                               de/steplib/CATSTAR8@tg                           
                               g30                                              
                                                                                
  26 SYSTEM       oracle       JDBC Thin Client       25672                     
  27 KRASAM1      krasam1      /catia424r2/cfgap05/co 19724                     
                               de/steplib/CATSTAR8@tg                           
                               g11                                              
                                                                                
  29 SYSTEM       oracle       JDBC Thin Client       28986                     
  30 KRADAF4      kradaf4      /vpm150/cfg13/vpm/code 26476                     
                               /bin/VX0VPM@tgg14 (TNS                           
                                V1-                                             
                                                                                
  31 SYSTEM       oracle       JDBC Thin Client       34450                     
  33 SYSTEM       oracle       JDBC Thin Client       36980                     
  23 KRADANO      kradano      /catia424r2/cfgap05/co 37814                     
                               de/steplib/CATSTAR8@tg                           
                               g04                                              
                                                                                
  35 KRANOFR      kranofr      /vpm150/cfg13/vpm/code 20836                     
                               /bin/VX0VPM@tgg12 (TNS                           
                                V1-                                             
                                                                                
  39 KRAANH15     kraanh15     /vpm150/cfg13/vpm/code 15992                     
                               /bin/VX0VPM@tgg29 (TNS                           
                                V1-                                             
                                                                                

28 rows selected.

Enter sid to refine :15

 SID  Serial USERNAME     PROGRAM                STATUS   LOGON_TIME        Idle
---- ------- ------------ ---------------------- -------- --------------- ------
  15       9 SYSTEM       JDBC Thin Client       INACTIVE 14-MAY-04 07:54     59


Selecting V$SESSION_WAIT


EVENT                                   P1          P2    P3  WTime secsinwait  
------------------------------ ----------- ----------- ----- ------ ----------  
SQL*Net message from client      675562835           1     0      0      3,589  


Selecting V$SESSION_EVENT


EVENT                            twaits ttimeouts time_wait avg_wait max_wait   
------------------------------ -------- --------- --------- -------- --------   
latch free                            1         1         0        0        0   
enqueue                               4         0         1        0        1   
log file sync                        12         0        12        1        3   
db file sequential read               9         0         8        1        5   
direct path read                    238         0       126        1        8   
direct path write                    18         0        20        1        7   
file open                             3         0         3        1        3   
SQL*Net message to client           254         0         0        0        0   
SQL*Net more data to client           4         0         0        0        0   
SQL*Net message from client         253         0   206,231      815  130,374   
SQL*Net more data from client         4         0        25        6       15   

11 rows selected.


User is running the following queries

no rows selected


Selecting V$ACCESS (This may take some time on a large database)

Filter on statistics (return for all) :

 SID NAME                                                              VALUE    
---- ------------------------------------------------------------ ----------    
  15 CPU used by this session                                            422    
  15 CPU used when call started                                          422    
  15 CR blocks created                                                   410    
  15 SQL*Net roundtrips to/from client                                   254    
  15 buffer is not pinned count                                        30338    
  15 bytes received via SQL*Net from client                            89734    
  15 bytes sent via SQL*Net to client                                  52323    
  15 calls to get snapshot scn: kcmgss                                  1792    
  15 calls to kcmgas                                                     167    
  15 calls to kcmgcs                                                       1    
  15 change write time                                                    10    
  15 cluster key scan block gets                                        1386    
  15 cluster key scans                                                   706    
  15 commit cleanouts                                                    347    
  15 commit cleanouts successfully completed                             347    
  15 consistent changes                                                  546    
  15 consistent gets                                                   32445    
  15 cursor authentications                                                5    
  15 data blocks consistent reads - undo records applied                 410    
  15 db block changes                                                   2437    
  15 db block gets                                                      2780    
  15 deferred (CURRENT) block cleanout applications                      230    
  15 enqueue releases                                                    969    
  15 enqueue requests                                                    969    
  15 execute count                                                      1180    
  15 free buffer requested                                               471    
  15 immediate (CR) block cleanout applications                            2    
  15 immediate (CURRENT) block cleanout applications                       6    
  15 logons cumulative                                                     1    
  15 logons current                                                        1    
  15 messages sent                                                       166    
  15 no work - consistent read gets                                    30193    
  15 opened cursors cumulative                                          1178    
  15 parse count (hard)                                                   26    
  15 parse count (total)                                                1180    
  15 parse time cpu                                                       15    
  15 parse time elapsed                                                   27    
  15 physical reads                                                     6355    
  15 physical reads direct                                              6346    
  15 physical writes                                                    8530    
  15 physical writes direct                                             8530    
  15 physical writes non checkpoint                                     8530    
  15 process last non-idle time                                   1084514087    
  15 recursive calls                                                   11908    
  15 recursive cpu usage                                                  66    
  15 redo entries                                                       1278    
  15 redo size                                                        297248    
  15 redo synch time                                                      12    
  15 redo synch writes                                                    12    
  15 session connect time                                         1084514087    
  15 session logical reads                                             35225    
  15 session pga memory                                              3125088    
  15 session pga memory max                                          3125088    
  15 session uga memory                                               142616    
  15 session uga memory max                                           627752    
  15 sorts (disk)                                                          8    
  15 sorts (memory)                                                       16    
  15 sorts (rows)                                                     106564    
  15 switch current to new buffer                                         10    
  15 table fetch by rowid                                                145    
  15 table scan blocks gotten                                          28505    
  15 table scan rows gotten                                           314354    
  15 table scans (long tables)                                            30    
  15 table scans (short tables)                                            6    
  15 total file opens                                                      3    
  15 user calls                                                          254    
  15 user commits                                                          4    

67 rows selected.

