

***********************************************************************
Fatal NI connect error 12505, connecting to:
 (DESCRIPTION=(ADDRESS=(PROTOCOL=TCP)(HOST=caxsp04)(PORT=1521))(CONNECT_DATA=(SID=DMA12)(SERVER=DEDICATED)(CID=(PROGRAM=)(HOST=caxws06)(USER=kraanp9))))

  VERSION INFORMATION:
	TNS for IBM/AIX RISC System/6000: Version 8.1.7.0.0 - Development
	TCP/IP NT Protocol Adapter for IBM/AIX RISC System/6000: Version 8.1.7.0.0 - Development
  Time: 05-NOV-2002 09:01:26
  Tracing not turned on.
  Tns error struct:
    nr err code: 0
    ns main err code: 12564
    TNS-12564: TNS:connection refused
    ns secondary err code: 0
    nt main err code: 0
    nt secondary err code: 0
    nt OS err code: 0


***********************************************************************
Fatal NI connect error 12505, connecting to:
 (DESCRIPTION=(ADDRESS=(PROTOCOL=TCP)(HOST=caxsp04)(PORT=1521))(CONNECT_DATA=(SID=DMA12)(SERVER=DEDICATED)(CID=(PROGRAM=)(HOST=caxws06)(USER=kraanp9))))

  VERSION INFORMATION:
	TNS for IBM/AIX RISC System/6000: Version 8.1.7.0.0 - Development
	TCP/IP NT Protocol Adapter for IBM/AIX RISC System/6000: Version 8.1.7.0.0 - Development
  Time: 05-NOV-2002 09:01:57
  Tracing not turned on.
  Tns error struct:
    nr err code: 0
    ns main err code: 12564
    TNS-12564: TNS:connection refused
    ns secondary err code: 0
    nt main err code: 0
    nt secondary err code: 0
    nt OS err code: 0


***********************************************************************
Fatal NI connect error 12505, connecting to:
 (DESCRIPTION=(ADDRESS=(PROTOCOL=TCP)(HOST=caxsp04)(PORT=1521))(CONNECT_DATA=(SID=DMA12)(SERVER=DEDICATED)(CID=(PROGRAM=)(HOST=caxws06)(USER=kraanp9))))

  VERSION INFORMATION:
	TNS for IBM/AIX RISC System/6000: Version 8.1.7.0.0 - Development
	TCP/IP NT Protocol Adapter for IBM/AIX RISC System/6000: Version 8.1.7.0.0 - Development
  Time: 05-NOV-2002 09:02:36
  Tracing not turned on.
  Tns error struct:
    nr err code: 0
    ns main err code: 12564
    TNS-12564: TNS:connection refused
    ns secondary err code: 0
    nt main err code: 0
    nt secondary err code: 0
    nt OS err code: 0


***********************************************************************
Fatal NI connect error 12505, connecting to:
 (DESCRIPTION=(ADDRESS=(PROTOCOL=TCP)(HOST=caxsp04)(PORT=1521))(CONNECT_DATA=(SID=DMA12)(SERVER=DEDICATED)(CID=(PROGRAM=)(HOST=caxws06)(USER=kraanp9))))

  VERSION INFORMATION:
	TNS for IBM/AIX RISC System/6000: Version 8.1.7.0.0 - Development
	TCP/IP NT Protocol Adapter for IBM/AIX RISC System/6000: Version 8.1.7.0.0 - Development
  Time: 05-NOV-2002 09:03:47
  Tracing not turned on.
  Tns error struct:
    nr err code: 0
    ns main err code: 12564
    TNS-12564: TNS:connection refused
    ns secondary err code: 0
    nt main err code: 0
    nt secondary err code: 0
    nt OS err code: 0
